0 info it worked if it ends with ok
1 verbose cli [ '/home/ihor/.nvm/v0.12.13/bin/node',
1 verbose cli   '/home/ihor/.nvm/v0.12.13/bin/npm',
1 verbose cli   'start' ]
2 info using npm@2.15.0
3 info using node@v0.12.13
4 verbose config Skipping project config: /home/ihor/.npmrc. (matches userconfig)
5 verbose stack Error: ENOENT, open '/home/ihor/package.json'
5 verbose stack     at Error (native)
6 verbose cwd /home/ihor/Desktop/GSoC_2016/flux-master
7 error Linux 4.5.4-1-ARCH
8 error argv "/home/ihor/.nvm/v0.12.13/bin/node" "/home/ihor/.nvm/v0.12.13/bin/npm" "start"
9 error node v0.12.13
10 error npm  v2.15.0
11 error path /home/ihor/package.json
12 error code ENOENT
13 error errno -2
14 error enoent ENOENT, open '/home/ihor/package.json'
14 error enoent This is most likely not a problem with npm itself
14 error enoent and is related to npm not being able to find a file.
15 verbose exit [ -2, true ]
